[2026-05-08T23:14:16.072-03:00] [INFO] [BranchManager] Branch 'dev' created from HEAD
[2026-05-08T23:14:22.206-03:00] [WARN] [BranchManager] Could not push 'dev' to origin: To github.com:rmoreiradematos/web3_card_game.git
!	refs/heads/dev:refs/heads/dev	[rejected] (non-fast-forward)
Done
Pushing to github.com:rmoreiradematos/web3_card_game.git
error: failed to push some refs to 'github.com:rmoreiradematos/web3_card_game.git'
hint: Updates were rejected because the tip of your current branch is behind
hint: its remote counterpart. If you want to integrate the remote changes,
hint: use 'git pull' before pushing again.
hint: See the 'Note about fast-forwards' in 'git push --help' for details.

[2026-05-08T23:14:22.207-03:00] [INFO] [BranchManager] Branch 'main' already exists
[2026-05-08T23:14:26.250-03:00] [INFO] [BranchManager] Branch 'main' synced with origin
[2026-05-08T23:14:28.228-03:00] [INFO] [BranchManager] Branch 'main' pushed to origin
[2026-05-08T23:14:28.229-03:00] [INFO] [BranchManager] Added workflow artifacts to .gitignore: .workflow.lock, workflow.log, tickets.db, workflow.log.*
[2026-05-08T23:14:28.500-03:00] [INFO] [BranchManager] Committed .gitignore update
[2026-05-08T23:14:28.669-03:00] [INFO] [BranchManager] Created and checked out feature branch 'feature/2026-05-08-nft-updates'
[2026-05-08T23:14:28.670-03:00] [INFO] [TicketSystem] Created ticket TICKET-2026-05-08-001 {"branch":"feature/2026-05-08-nft-updates"}
[2026-05-08T23:14:28.670-03:00] [INFO] [Scheduler] Created ticket TICKET-2026-05-08-001 {"branch":"feature/2026-05-08-nft-updates","plannedCommits":17}
[2026-05-08T23:14:28.670-03:00] [INFO] [Scheduler] Cycle schedule {"ticketId":"TICKET-2026-05-08-001","branch":"feature/2026-05-08-nft-updates","plannedCommits":17,"remainingCommits":17,"slots":["2026-05-07T12:03:45.000Z","2026-05-07T12:08:18.000Z","2026-05-07T12:32:06.000Z","2026-05-07T13:17:52.000Z","2026-05-07T13:29:37.000Z","2026-05-07T15:09:24.000Z","2026-05-07T15:40:25.000Z","2026-05-07T17:06:11.000Z","2026-05-07T17:09:47.000Z","2026-05-07T19:32:00.000Z","2026-05-07T21:23:38.000Z","2026-05-07T21:38:46.000Z","2026-05-07T21:40:50.000Z","2026-05-07T22:10:34.000Z","2026-05-07T22:26:30.000Z","2026-05-07T23:48:13.000Z","2026-05-08T00:35:31.000Z"]}
[2026-05-08T23:14:28.670-03:00] [INFO] [CommitEngine] Executing commit on branch 'feature/2026-05-08-nft-updates'
